2022-12-18 14:43:26,160 INFO    StreamThr :17348 [internal.py:wandb_internal():87] W&B internal server running at pid: 17348, started at: 2022-12-18 14:43:26.158771
2022-12-18 14:43:26,161 DEBUG   HandlerThread:17348 [handler.py:handle_request():139] handle_request: status
2022-12-18 14:43:26,162 DEBUG   SenderThread:17348 [sender.py:send_request():317] send_request: status
2022-12-18 14:43:26,163 DEBUG   SenderThread:17348 [sender.py:send():303] send: header
2022-12-18 14:43:26,163 INFO    WriterThread:17348 [datastore.py:open_for_write():75] open: /Volumes/Work Disk Janina Mattes/DEV/University/ASP/ml-explorer-drone/PPO/ppo_torch/wandb/run-20221218_144326-21w9kci6/run-21w9kci6.wandb
2022-12-18 14:43:26,168 DEBUG   SenderThread:17348 [sender.py:send():303] send: run
2022-12-18 14:43:30,065 ERROR   SenderThread:17348 [retry.py:__call__():154] Retry attempt failed:
Traceback (most recent call last):
  File "/Users/janinaalicamattes/miniforge3/envs/pytorch-ppo-research/lib/python3.10/site-packages/urllib3/connectionpool.py", line 703, in urlopen
    httplib_response = self._make_request(
  File "/Users/janinaalicamattes/miniforge3/envs/pytorch-ppo-research/lib/python3.10/site-packages/urllib3/connectionpool.py", line 386, in _make_request
    self._validate_conn(conn)
  File "/Users/janinaalicamattes/miniforge3/envs/pytorch-ppo-research/lib/python3.10/site-packages/urllib3/connectionpool.py", line 1042, in _validate_conn
    conn.connect()
  File "/Users/janinaalicamattes/miniforge3/envs/pytorch-ppo-research/lib/python3.10/site-packages/urllib3/connection.py", line 414, in connect
    self.sock = ssl_wrap_socket(
  File "/Users/janinaalicamattes/miniforge3/envs/pytorch-ppo-research/lib/python3.10/site-packages/urllib3/util/ssl_.py", line 449, in ssl_wrap_socket
    ssl_sock = _ssl_wrap_socket_impl(
  File "/Users/janinaalicamattes/miniforge3/envs/pytorch-ppo-research/lib/python3.10/site-packages/urllib3/util/ssl_.py", line 493, in _ssl_wrap_socket_impl
    return ssl_context.wrap_socket(sock, server_hostname=server_hostname)
  File "/Users/janinaalicamattes/miniforge3/envs/pytorch-ppo-research/lib/python3.10/ssl.py", line 513, in wrap_socket
    return self.sslsocket_class._create(
  File "/Users/janinaalicamattes/miniforge3/envs/pytorch-ppo-research/lib/python3.10/ssl.py", line 1071, in _create
    self.do_handshake()
  File "/Users/janinaalicamattes/miniforge3/envs/pytorch-ppo-research/lib/python3.10/ssl.py", line 1342, in do_handshake
    self._sslobj.do_handshake()
ssl.SSLError: [SSL: UNSUPPORTED_PROTOCOL] unsupported protocol (_ssl.c:997)

During handling of the above exception, another exception occurred:

Traceback (most recent call last):
  File "/Users/janinaalicamattes/miniforge3/envs/pytorch-ppo-research/lib/python3.10/site-packages/requests/adapters.py", line 489, in send
    resp = conn.urlopen(
  File "/Users/janinaalicamattes/miniforge3/envs/pytorch-ppo-research/lib/python3.10/site-packages/urllib3/connectionpool.py", line 787, in urlopen
    retries = retries.increment(
  File "/Users/janinaalicamattes/miniforge3/envs/pytorch-ppo-research/lib/python3.10/site-packages/urllib3/util/retry.py", line 592, in increment
    raise MaxRetryError(_pool, url, error or ResponseError(cause))
urllib3.exceptions.MaxRetryError: HTTPSConnectionPool(host='api.wandb.ai', port=443): Max retries exceeded with url: /graphql (Caused by SSLError(SSLError(1, '[SSL: UNSUPPORTED_PROTOCOL] unsupported protocol (_ssl.c:997)')))

During handling of the above exception, another exception occurred:

Traceback (most recent call last):
  File "/Users/janinaalicamattes/miniforge3/envs/pytorch-ppo-research/lib/python3.10/site-packages/wandb/sdk/lib/retry.py", line 113, in __call__
    result = self._call_fn(*args, **kwargs)
  File "/Users/janinaalicamattes/miniforge3/envs/pytorch-ppo-research/lib/python3.10/site-packages/wandb/sdk/internal/internal_api.py", line 209, in execute
    return self.client.execute(*args, **kwargs)  # type: ignore
  File "/Users/janinaalicamattes/miniforge3/envs/pytorch-ppo-research/lib/python3.10/site-packages/wandb/vendor/gql-0.2.0/wandb_gql/client.py", line 52, in execute
    result = self._get_result(document, *args, **kwargs)
  File "/Users/janinaalicamattes/miniforge3/envs/pytorch-ppo-research/lib/python3.10/site-packages/wandb/vendor/gql-0.2.0/wandb_gql/client.py", line 60, in _get_result
    return self.transport.execute(document, *args, **kwargs)
  File "/Users/janinaalicamattes/miniforge3/envs/pytorch-ppo-research/lib/python3.10/site-packages/wandb/vendor/gql-0.2.0/wandb_gql/transport/requests.py", line 38, in execute
    request = requests.post(self.url, **post_args)
  File "/Users/janinaalicamattes/miniforge3/envs/pytorch-ppo-research/lib/python3.10/site-packages/requests/api.py", line 115, in post
    return request("post", url, data=data, json=json, **kwargs)
  File "/Users/janinaalicamattes/miniforge3/envs/pytorch-ppo-research/lib/python3.10/site-packages/requests/api.py", line 59, in request
    return session.request(method=method, url=url, **kwargs)
  File "/Users/janinaalicamattes/miniforge3/envs/pytorch-ppo-research/lib/python3.10/site-packages/requests/sessions.py", line 587, in request
    resp = self.send(prep, **send_kwargs)
  File "/Users/janinaalicamattes/miniforge3/envs/pytorch-ppo-research/lib/python3.10/site-packages/requests/sessions.py", line 701, in send
    r = adapter.send(request, **kwargs)
  File "/Users/janinaalicamattes/miniforge3/envs/pytorch-ppo-research/lib/python3.10/site-packages/requests/adapters.py", line 563, in send
    raise SSLError(e, request=request)
requests.exceptions.SSLError: HTTPSConnectionPool(host='api.wandb.ai', port=443): Max retries exceeded with url: /graphql (Caused by SSLError(SSLError(1, '[SSL: UNSUPPORTED_PROTOCOL] unsupported protocol (_ssl.c:997)')))
2022-12-18 14:43:31,182 DEBUG   HandlerThread:17348 [handler.py:handle_request():139] handle_request: keepalive
2022-12-18 14:43:36,205 DEBUG   HandlerThread:17348 [handler.py:handle_request():139] handle_request: keepalive
2022-12-18 14:43:41,225 DEBUG   HandlerThread:17348 [handler.py:handle_request():139] handle_request: keepalive
2022-12-18 14:43:46,249 DEBUG   HandlerThread:17348 [handler.py:handle_request():139] handle_request: keepalive
2022-12-18 14:43:51,269 DEBUG   HandlerThread:17348 [handler.py:handle_request():139] handle_request: keepalive
2022-12-18 14:43:56,285 DEBUG   HandlerThread:17348 [handler.py:handle_request():139] handle_request: keepalive
2022-12-18 14:44:01,302 DEBUG   HandlerThread:17348 [handler.py:handle_request():139] handle_request: keepalive
2022-12-18 14:44:06,324 DEBUG   HandlerThread:17348 [handler.py:handle_request():139] handle_request: keepalive
2022-12-18 14:44:11,342 DEBUG   HandlerThread:17348 [handler.py:handle_request():139] handle_request: keepalive
2022-12-18 14:44:16,356 DEBUG   HandlerThread:17348 [handler.py:handle_request():139] handle_request: keepalive
2022-12-18 14:44:21,379 DEBUG   HandlerThread:17348 [handler.py:handle_request():139] handle_request: keepalive
2022-12-18 14:44:27,426 DEBUG   HandlerThread:17348 [handler.py:handle_request():139] handle_request: poll_exit
2022-12-18 14:44:32,441 DEBUG   HandlerThread:17348 [handler.py:handle_request():139] handle_request: keepalive
2022-12-18 14:44:37,452 DEBUG   HandlerThread:17348 [handler.py:handle_request():139] handle_request: keepalive
2022-12-18 14:44:41,221 INFO    SenderThread:17348 [dir_watcher.py:__init__():216] watching files in: /Volumes/Work Disk Janina Mattes/DEV/University/ASP/ml-explorer-drone/PPO/ppo_torch/wandb/run-20221218_144326-21w9kci6/files
2022-12-18 14:44:41,221 INFO    SenderThread:17348 [sender.py:_start_run_threads():928] run started: 21w9kci6 with start time 1671371006.152552
2022-12-18 14:44:41,221 DEBUG   SenderThread:17348 [sender.py:send():303] send: exit
2022-12-18 14:44:41,221 INFO    SenderThread:17348 [sender.py:send_exit():442] handling exit code: 1
2022-12-18 14:44:41,221 INFO    SenderThread:17348 [sender.py:send_exit():444] handling runtime: 0
2022-12-18 14:44:41,223 INFO    SenderThread:17348 [sender.py:_save_file():1171] saving file wandb-summary.json with policy end
2022-12-18 14:44:41,223 INFO    SenderThread:17348 [sender.py:send_exit():450] send defer
2022-12-18 14:44:41,223 DEBUG   SenderThread:17348 [sender.py:send_request():317] send_request: poll_exit
2022-12-18 14:44:41,224 DEBUG   HandlerThread:17348 [handler.py:handle_request():139] handle_request: defer
2022-12-18 14:44:41,224 INFO    HandlerThread:17348 [handler.py:handle_request_defer():162] handle defer: 0
2022-12-18 14:44:41,224 DEBUG   SenderThread:17348 [sender.py:send_request():317] send_request: defer
2022-12-18 14:44:41,224 INFO    SenderThread:17348 [sender.py:send_request_defer():459] handle sender defer: 0
2022-12-18 14:44:41,224 INFO    SenderThread:17348 [sender.py:transition_state():463] send defer: 1
2022-12-18 14:44:41,224 DEBUG   HandlerThread:17348 [handler.py:handle_request():139] handle_request: defer
2022-12-18 14:44:41,224 INFO    HandlerThread:17348 [handler.py:handle_request_defer():162] handle defer: 1
2022-12-18 14:44:41,224 DEBUG   SenderThread:17348 [sender.py:send_request():317] send_request: defer
2022-12-18 14:44:41,224 INFO    SenderThread:17348 [sender.py:send_request_defer():459] handle sender defer: 1
2022-12-18 14:44:41,224 INFO    SenderThread:17348 [sender.py:transition_state():463] send defer: 2
2022-12-18 14:44:41,224 DEBUG   HandlerThread:17348 [handler.py:handle_request():139] handle_request: defer
2022-12-18 14:44:41,225 INFO    HandlerThread:17348 [handler.py:handle_request_defer():162] handle defer: 2
2022-12-18 14:44:41,225 DEBUG   SenderThread:17348 [sender.py:send_request():317] send_request: defer
2022-12-18 14:44:41,225 INFO    SenderThread:17348 [sender.py:send_request_defer():459] handle sender defer: 2
2022-12-18 14:44:41,225 INFO    SenderThread:17348 [sender.py:transition_state():463] send defer: 3
2022-12-18 14:44:41,225 DEBUG   HandlerThread:17348 [handler.py:handle_request():139] handle_request: defer
2022-12-18 14:44:41,225 INFO    HandlerThread:17348 [handler.py:handle_request_defer():162] handle defer: 3
2022-12-18 14:44:41,225 DEBUG   SenderThread:17348 [sender.py:send_request():317] send_request: defer
2022-12-18 14:44:41,225 INFO    SenderThread:17348 [sender.py:send_request_defer():459] handle sender defer: 3
2022-12-18 14:44:41,225 INFO    SenderThread:17348 [sender.py:transition_state():463] send defer: 4
2022-12-18 14:44:41,225 DEBUG   HandlerThread:17348 [handler.py:handle_request():139] handle_request: defer
2022-12-18 14:44:41,225 INFO    HandlerThread:17348 [handler.py:handle_request_defer():162] handle defer: 4
2022-12-18 14:44:41,225 DEBUG   SenderThread:17348 [sender.py:send():303] send: summary
2022-12-18 14:44:41,232 INFO    SenderThread:17348 [sender.py:_save_file():1171] saving file wandb-summary.json with policy end
2022-12-18 14:44:41,233 DEBUG   SenderThread:17348 [sender.py:send_request():317] send_request: defer
2022-12-18 14:44:41,233 INFO    SenderThread:17348 [sender.py:send_request_defer():459] handle sender defer: 4
2022-12-18 14:44:41,233 INFO    SenderThread:17348 [sender.py:transition_state():463] send defer: 5
2022-12-18 14:44:41,233 DEBUG   HandlerThread:17348 [handler.py:handle_request():139] handle_request: defer
2022-12-18 14:44:41,233 INFO    HandlerThread:17348 [handler.py:handle_request_defer():162] handle defer: 5
2022-12-18 14:44:41,233 DEBUG   SenderThread:17348 [sender.py:send_request():317] send_request: defer
2022-12-18 14:44:41,233 INFO    SenderThread:17348 [sender.py:send_request_defer():459] handle sender defer: 5
2022-12-18 14:44:41,233 INFO    SenderThread:17348 [sender.py:transition_state():463] send defer: 6
2022-12-18 14:44:41,233 DEBUG   HandlerThread:17348 [handler.py:handle_request():139] handle_request: defer
2022-12-18 14:44:41,233 INFO    HandlerThread:17348 [handler.py:handle_request_defer():162] handle defer: 6
2022-12-18 14:44:41,233 DEBUG   SenderThread:17348 [sender.py:send_request():317] send_request: defer
2022-12-18 14:44:41,233 INFO    SenderThread:17348 [sender.py:send_request_defer():459] handle sender defer: 6
2022-12-18 14:44:41,233 INFO    SenderThread:17348 [sender.py:transition_state():463] send defer: 7
2022-12-18 14:44:41,233 DEBUG   HandlerThread:17348 [handler.py:handle_request():139] handle_request: defer
2022-12-18 14:44:41,233 INFO    HandlerThread:17348 [handler.py:handle_request_defer():162] handle defer: 7
2022-12-18 14:44:41,233 DEBUG   SenderThread:17348 [sender.py:send_request():317] send_request: defer
2022-12-18 14:44:41,233 INFO    SenderThread:17348 [sender.py:send_request_defer():459] handle sender defer: 7
2022-12-18 14:44:41,233 INFO    SenderThread:17348 [dir_watcher.py:finish():362] shutting down directory watcher
2022-12-18 14:44:42,227 INFO    SenderThread:17348 [dir_watcher.py:_on_file_created():275] file/dir created: /Volumes/Work Disk Janina Mattes/DEV/University/ASP/ml-explorer-drone/PPO/ppo_torch/wandb/run-20221218_144326-21w9kci6/files/wandb-summary.json
2022-12-18 14:44:42,228 INFO    SenderThread:17348 [dir_watcher.py:finish():392] scan: /Volumes/Work Disk Janina Mattes/DEV/University/ASP/ml-explorer-drone/PPO/ppo_torch/wandb/run-20221218_144326-21w9kci6/files
2022-12-18 14:44:42,228 INFO    SenderThread:17348 [dir_watcher.py:finish():406] scan save: /Volumes/Work Disk Janina Mattes/DEV/University/ASP/ml-explorer-drone/PPO/ppo_torch/wandb/run-20221218_144326-21w9kci6/files/config.yaml config.yaml
2022-12-18 14:44:42,229 INFO    SenderThread:17348 [dir_watcher.py:finish():406] scan save: /Volumes/Work Disk Janina Mattes/DEV/University/ASP/ml-explorer-drone/PPO/ppo_torch/wandb/run-20221218_144326-21w9kci6/files/wandb-summary.json wandb-summary.json
2022-12-18 14:44:42,233 INFO    SenderThread:17348 [sender.py:transition_state():463] send defer: 8
2022-12-18 14:44:42,238 DEBUG   HandlerThread:17348 [handler.py:handle_request():139] handle_request: defer
2022-12-18 14:44:42,238 INFO    HandlerThread:17348 [handler.py:handle_request_defer():162] handle defer: 8
2022-12-18 14:44:42,239 DEBUG   SenderThread:17348 [sender.py:send_request():317] send_request: defer
2022-12-18 14:44:42,239 INFO    SenderThread:17348 [sender.py:send_request_defer():459] handle sender defer: 8
2022-12-18 14:44:42,240 INFO    SenderThread:17348 [file_pusher.py:finish():168] shutting down file pusher
2022-12-18 14:44:42,471 DEBUG   HandlerThread:17348 [handler.py:handle_request():139] handle_request: keepalive
2022-12-18 14:44:42,989 INFO    Thread-15 :17348 [upload_job.py:push():143] Uploaded file /Volumes/Work Disk Janina Mattes/DEV/University/ASP/ml-explorer-drone/PPO/ppo_torch/wandb/run-20221218_144326-21w9kci6/files/config.yaml
2022-12-18 14:44:42,990 INFO    Thread-16 :17348 [upload_job.py:push():143] Uploaded file /Volumes/Work Disk Janina Mattes/DEV/University/ASP/ml-explorer-drone/PPO/ppo_torch/wandb/run-20221218_144326-21w9kci6/files/wandb-summary.json
2022-12-18 14:44:43,195 INFO    Thread-12 (_thread_body):17348 [sender.py:transition_state():463] send defer: 9
2022-12-18 14:44:43,198 DEBUG   HandlerThread:17348 [handler.py:handle_request():139] handle_request: defer
2022-12-18 14:44:43,198 INFO    HandlerThread:17348 [handler.py:handle_request_defer():162] handle defer: 9
2022-12-18 14:44:43,198 DEBUG   SenderThread:17348 [sender.py:send_request():317] send_request: defer
2022-12-18 14:44:43,198 INFO    SenderThread:17348 [sender.py:send_request_defer():459] handle sender defer: 9
2022-12-18 14:44:43,198 INFO    SenderThread:17348 [file_pusher.py:join():173] waiting for file pusher
2022-12-18 14:44:43,199 INFO    SenderThread:17348 [sender.py:transition_state():463] send defer: 10
2022-12-18 14:44:43,199 DEBUG   HandlerThread:17348 [handler.py:handle_request():139] handle_request: defer
2022-12-18 14:44:43,199 INFO    HandlerThread:17348 [handler.py:handle_request_defer():162] handle defer: 10
2022-12-18 14:44:43,200 DEBUG   SenderThread:17348 [sender.py:send_request():317] send_request: defer
2022-12-18 14:44:43,200 INFO    SenderThread:17348 [sender.py:send_request_defer():459] handle sender defer: 10
2022-12-18 14:44:44,028 INFO    SenderThread:17348 [sender.py:transition_state():463] send defer: 11
2022-12-18 14:44:44,029 DEBUG   HandlerThread:17348 [handler.py:handle_request():139] handle_request: defer
2022-12-18 14:44:44,029 INFO    HandlerThread:17348 [handler.py:handle_request_defer():162] handle defer: 11
2022-12-18 14:44:44,029 DEBUG   SenderThread:17348 [sender.py:send_request():317] send_request: defer
2022-12-18 14:44:44,029 INFO    SenderThread:17348 [sender.py:send_request_defer():459] handle sender defer: 11
2022-12-18 14:44:44,029 INFO    SenderThread:17348 [sender.py:transition_state():463] send defer: 12
2022-12-18 14:44:44,030 DEBUG   HandlerThread:17348 [handler.py:handle_request():139] handle_request: defer
2022-12-18 14:44:44,030 INFO    HandlerThread:17348 [handler.py:handle_request_defer():162] handle defer: 12
2022-12-18 14:44:44,030 DEBUG   SenderThread:17348 [sender.py:send():303] send: final
2022-12-18 14:44:44,030 DEBUG   SenderThread:17348 [sender.py:send():303] send: footer
2022-12-18 14:44:44,030 DEBUG   SenderThread:17348 [sender.py:send_request():317] send_request: defer
2022-12-18 14:44:44,030 INFO    SenderThread:17348 [sender.py:send_request_defer():459] handle sender defer: 12
2022-12-18 14:44:44,032 DEBUG   HandlerThread:17348 [handler.py:handle_request():139] handle_request: poll_exit
2022-12-18 14:44:44,032 DEBUG   HandlerThread:17348 [handler.py:handle_request():139] handle_request: server_info
2022-12-18 14:44:44,032 DEBUG   HandlerThread:17348 [handler.py:handle_request():139] handle_request: get_summary
2022-12-18 14:44:44,033 DEBUG   HandlerThread:17348 [handler.py:handle_request():139] handle_request: sampled_history
2022-12-18 14:44:44,033 DEBUG   SenderThread:17348 [sender.py:send_request():317] send_request: poll_exit
2022-12-18 14:44:44,033 DEBUG   SenderThread:17348 [sender.py:send_request():317] send_request: server_info
2022-12-18 14:44:44,489 INFO    MainThread:17348 [wandb_run.py:_footer_history_summary_info():3408] rendering history
2022-12-18 14:44:44,489 INFO    MainThread:17348 [wandb_run.py:_footer_history_summary_info():3440] rendering summary
2022-12-18 14:44:44,490 INFO    MainThread:17348 [wandb_run.py:_footer_sync_info():3364] logging synced files
2022-12-18 14:44:44,491 DEBUG   HandlerThread:17348 [handler.py:handle_request():139] handle_request: shutdown
2022-12-18 14:44:44,491 INFO    HandlerThread:17348 [handler.py:finish():814] shutting down handler
2022-12-18 14:44:45,033 INFO    WriterThread:17348 [datastore.py:close():279] close: /Volumes/Work Disk Janina Mattes/DEV/University/ASP/ml-explorer-drone/PPO/ppo_torch/wandb/run-20221218_144326-21w9kci6/run-21w9kci6.wandb
2022-12-18 14:44:45,493 INFO    SenderThread:17348 [sender.py:finish():1331] shutting down sender
2022-12-18 14:44:45,494 INFO    SenderThread:17348 [file_pusher.py:finish():168] shutting down file pusher
2022-12-18 14:44:45,494 INFO    SenderThread:17348 [file_pusher.py:join():173] waiting for file pusher
2022-12-18 14:44:46,222 INFO    MainThread:17348 [internal.py:handle_exit():77] Internal process exited
