2022-12-18 14:29:11,056 INFO    StreamThr :17111 [internal.py:wandb_internal():87] W&B internal server running at pid: 17111, started at: 2022-12-18 14:29:11.055196
2022-12-18 14:29:11,058 DEBUG   HandlerThread:17111 [handler.py:handle_request():139] handle_request: status
2022-12-18 14:29:11,059 DEBUG   SenderThread:17111 [sender.py:send_request():317] send_request: status
2022-12-18 14:29:11,060 DEBUG   SenderThread:17111 [sender.py:send():303] send: header
2022-12-18 14:29:11,060 INFO    WriterThread:17111 [datastore.py:open_for_write():75] open: /Volumes/Work Disk Janina Mattes/DEV/University/ASP/ml-explorer-drone/PPO/ppo_torch/wandb/run-20221218_142911-31cw4oo1/run-31cw4oo1.wandb
2022-12-18 14:29:11,067 DEBUG   SenderThread:17111 [sender.py:send():303] send: run
2022-12-18 14:29:14,624 ERROR   SenderThread:17111 [retry.py:__call__():154] Retry attempt failed:
Traceback (most recent call last):
  File "/Users/janinaalicamattes/miniforge3/envs/pytorch-ppo-research/lib/python3.10/site-packages/urllib3/connectionpool.py", line 703, in urlopen
    httplib_response = self._make_request(
  File "/Users/janinaalicamattes/miniforge3/envs/pytorch-ppo-research/lib/python3.10/site-packages/urllib3/connectionpool.py", line 386, in _make_request
    self._validate_conn(conn)
  File "/Users/janinaalicamattes/miniforge3/envs/pytorch-ppo-research/lib/python3.10/site-packages/urllib3/connectionpool.py", line 1042, in _validate_conn
    conn.connect()
  File "/Users/janinaalicamattes/miniforge3/envs/pytorch-ppo-research/lib/python3.10/site-packages/urllib3/connection.py", line 414, in connect
    self.sock = ssl_wrap_socket(
  File "/Users/janinaalicamattes/miniforge3/envs/pytorch-ppo-research/lib/python3.10/site-packages/urllib3/util/ssl_.py", line 449, in ssl_wrap_socket
    ssl_sock = _ssl_wrap_socket_impl(
  File "/Users/janinaalicamattes/miniforge3/envs/pytorch-ppo-research/lib/python3.10/site-packages/urllib3/util/ssl_.py", line 493, in _ssl_wrap_socket_impl
    return ssl_context.wrap_socket(sock, server_hostname=server_hostname)
  File "/Users/janinaalicamattes/miniforge3/envs/pytorch-ppo-research/lib/python3.10/ssl.py", line 513, in wrap_socket
    return self.sslsocket_class._create(
  File "/Users/janinaalicamattes/miniforge3/envs/pytorch-ppo-research/lib/python3.10/ssl.py", line 1071, in _create
    self.do_handshake()
  File "/Users/janinaalicamattes/miniforge3/envs/pytorch-ppo-research/lib/python3.10/ssl.py", line 1342, in do_handshake
    self._sslobj.do_handshake()
ssl.SSLError: [SSL: UNSUPPORTED_PROTOCOL] unsupported protocol (_ssl.c:997)

During handling of the above exception, another exception occurred:

Traceback (most recent call last):
  File "/Users/janinaalicamattes/miniforge3/envs/pytorch-ppo-research/lib/python3.10/site-packages/requests/adapters.py", line 489, in send
    resp = conn.urlopen(
  File "/Users/janinaalicamattes/miniforge3/envs/pytorch-ppo-research/lib/python3.10/site-packages/urllib3/connectionpool.py", line 787, in urlopen
    retries = retries.increment(
  File "/Users/janinaalicamattes/miniforge3/envs/pytorch-ppo-research/lib/python3.10/site-packages/urllib3/util/retry.py", line 592, in increment
    raise MaxRetryError(_pool, url, error or ResponseError(cause))
urllib3.exceptions.MaxRetryError: HTTPSConnectionPool(host='api.wandb.ai', port=443): Max retries exceeded with url: /graphql (Caused by SSLError(SSLError(1, '[SSL: UNSUPPORTED_PROTOCOL] unsupported protocol (_ssl.c:997)')))

During handling of the above exception, another exception occurred:

Traceback (most recent call last):
  File "/Users/janinaalicamattes/miniforge3/envs/pytorch-ppo-research/lib/python3.10/site-packages/wandb/sdk/lib/retry.py", line 113, in __call__
    result = self._call_fn(*args, **kwargs)
  File "/Users/janinaalicamattes/miniforge3/envs/pytorch-ppo-research/lib/python3.10/site-packages/wandb/sdk/internal/internal_api.py", line 209, in execute
    return self.client.execute(*args, **kwargs)  # type: ignore
  File "/Users/janinaalicamattes/miniforge3/envs/pytorch-ppo-research/lib/python3.10/site-packages/wandb/vendor/gql-0.2.0/wandb_gql/client.py", line 52, in execute
    result = self._get_result(document, *args, **kwargs)
  File "/Users/janinaalicamattes/miniforge3/envs/pytorch-ppo-research/lib/python3.10/site-packages/wandb/vendor/gql-0.2.0/wandb_gql/client.py", line 60, in _get_result
    return self.transport.execute(document, *args, **kwargs)
  File "/Users/janinaalicamattes/miniforge3/envs/pytorch-ppo-research/lib/python3.10/site-packages/wandb/vendor/gql-0.2.0/wandb_gql/transport/requests.py", line 38, in execute
    request = requests.post(self.url, **post_args)
  File "/Users/janinaalicamattes/miniforge3/envs/pytorch-ppo-research/lib/python3.10/site-packages/requests/api.py", line 115, in post
    return request("post", url, data=data, json=json, **kwargs)
  File "/Users/janinaalicamattes/miniforge3/envs/pytorch-ppo-research/lib/python3.10/site-packages/requests/api.py", line 59, in request
    return session.request(method=method, url=url, **kwargs)
  File "/Users/janinaalicamattes/miniforge3/envs/pytorch-ppo-research/lib/python3.10/site-packages/requests/sessions.py", line 587, in request
    resp = self.send(prep, **send_kwargs)
  File "/Users/janinaalicamattes/miniforge3/envs/pytorch-ppo-research/lib/python3.10/site-packages/requests/sessions.py", line 701, in send
    r = adapter.send(request, **kwargs)
  File "/Users/janinaalicamattes/miniforge3/envs/pytorch-ppo-research/lib/python3.10/site-packages/requests/adapters.py", line 563, in send
    raise SSLError(e, request=request)
requests.exceptions.SSLError: HTTPSConnectionPool(host='api.wandb.ai', port=443): Max retries exceeded with url: /graphql (Caused by SSLError(SSLError(1, '[SSL: UNSUPPORTED_PROTOCOL] unsupported protocol (_ssl.c:997)')))
2022-12-18 14:29:16,094 DEBUG   HandlerThread:17111 [handler.py:handle_request():139] handle_request: keepalive
2022-12-18 14:29:21,117 DEBUG   HandlerThread:17111 [handler.py:handle_request():139] handle_request: keepalive
2022-12-18 14:29:26,140 DEBUG   HandlerThread:17111 [handler.py:handle_request():139] handle_request: keepalive
2022-12-18 14:29:31,166 DEBUG   HandlerThread:17111 [handler.py:handle_request():139] handle_request: keepalive
2022-12-18 14:29:36,180 DEBUG   HandlerThread:17111 [handler.py:handle_request():139] handle_request: keepalive
2022-12-18 14:29:41,205 DEBUG   HandlerThread:17111 [handler.py:handle_request():139] handle_request: keepalive
2022-12-18 14:29:46,230 DEBUG   HandlerThread:17111 [handler.py:handle_request():139] handle_request: keepalive
2022-12-18 14:29:51,253 DEBUG   HandlerThread:17111 [handler.py:handle_request():139] handle_request: keepalive
2022-12-18 14:29:56,272 DEBUG   HandlerThread:17111 [handler.py:handle_request():139] handle_request: keepalive
2022-12-18 14:30:01,295 DEBUG   HandlerThread:17111 [handler.py:handle_request():139] handle_request: keepalive
2022-12-18 14:30:06,312 DEBUG   HandlerThread:17111 [handler.py:handle_request():139] handle_request: keepalive
2022-12-18 14:30:12,344 DEBUG   HandlerThread:17111 [handler.py:handle_request():139] handle_request: poll_exit
2022-12-18 14:30:17,363 DEBUG   HandlerThread:17111 [handler.py:handle_request():139] handle_request: keepalive
2022-12-18 14:30:22,379 DEBUG   HandlerThread:17111 [handler.py:handle_request():139] handle_request: keepalive
2022-12-18 14:30:27,391 DEBUG   HandlerThread:17111 [handler.py:handle_request():139] handle_request: keepalive
2022-12-18 14:30:32,410 DEBUG   HandlerThread:17111 [handler.py:handle_request():139] handle_request: keepalive
2022-12-18 14:30:37,428 DEBUG   HandlerThread:17111 [handler.py:handle_request():139] handle_request: keepalive
2022-12-18 14:30:42,442 DEBUG   HandlerThread:17111 [handler.py:handle_request():139] handle_request: keepalive
2022-12-18 14:30:47,455 DEBUG   HandlerThread:17111 [handler.py:handle_request():139] handle_request: keepalive
2022-12-18 14:30:52,470 DEBUG   HandlerThread:17111 [handler.py:handle_request():139] handle_request: keepalive
2022-12-18 14:30:57,489 DEBUG   HandlerThread:17111 [handler.py:handle_request():139] handle_request: keepalive
2022-12-18 14:31:02,513 DEBUG   HandlerThread:17111 [handler.py:handle_request():139] handle_request: keepalive
2022-12-18 14:31:07,538 DEBUG   HandlerThread:17111 [handler.py:handle_request():139] handle_request: keepalive
2022-12-18 14:31:12,555 DEBUG   HandlerThread:17111 [handler.py:handle_request():139] handle_request: keepalive
2022-12-18 14:31:17,563 DEBUG   HandlerThread:17111 [handler.py:handle_request():139] handle_request: keepalive
2022-12-18 14:31:22,585 DEBUG   HandlerThread:17111 [handler.py:handle_request():139] handle_request: keepalive
2022-12-18 14:31:27,602 DEBUG   HandlerThread:17111 [handler.py:handle_request():139] handle_request: keepalive
2022-12-18 14:31:32,622 DEBUG   HandlerThread:17111 [handler.py:handle_request():139] handle_request: keepalive
2022-12-18 14:31:37,640 DEBUG   HandlerThread:17111 [handler.py:handle_request():139] handle_request: keepalive
2022-12-18 14:31:42,663 DEBUG   HandlerThread:17111 [handler.py:handle_request():139] handle_request: keepalive
2022-12-18 14:31:47,685 DEBUG   HandlerThread:17111 [handler.py:handle_request():139] handle_request: keepalive
2022-12-18 14:31:52,710 DEBUG   HandlerThread:17111 [handler.py:handle_request():139] handle_request: keepalive
2022-12-18 14:31:57,721 DEBUG   HandlerThread:17111 [handler.py:handle_request():139] handle_request: keepalive
2022-12-18 14:32:02,737 DEBUG   HandlerThread:17111 [handler.py:handle_request():139] handle_request: keepalive
2022-12-18 14:32:07,756 DEBUG   HandlerThread:17111 [handler.py:handle_request():139] handle_request: keepalive
2022-12-18 14:32:12,772 DEBUG   HandlerThread:17111 [handler.py:handle_request():139] handle_request: keepalive
2022-12-18 14:32:17,794 DEBUG   HandlerThread:17111 [handler.py:handle_request():139] handle_request: keepalive
2022-12-18 14:32:22,817 DEBUG   HandlerThread:17111 [handler.py:handle_request():139] handle_request: keepalive
2022-12-18 14:32:27,838 DEBUG   HandlerThread:17111 [handler.py:handle_request():139] handle_request: keepalive
2022-12-18 14:32:32,856 DEBUG   HandlerThread:17111 [handler.py:handle_request():139] handle_request: keepalive
2022-12-18 14:32:37,868 DEBUG   HandlerThread:17111 [handler.py:handle_request():139] handle_request: keepalive
2022-12-18 14:32:42,887 DEBUG   HandlerThread:17111 [handler.py:handle_request():139] handle_request: keepalive
2022-12-18 14:32:47,902 DEBUG   HandlerThread:17111 [handler.py:handle_request():139] handle_request: keepalive
2022-12-18 14:32:52,924 DEBUG   HandlerThread:17111 [handler.py:handle_request():139] handle_request: keepalive
2022-12-18 14:32:57,950 DEBUG   HandlerThread:17111 [handler.py:handle_request():139] handle_request: keepalive
2022-12-18 14:33:02,976 DEBUG   HandlerThread:17111 [handler.py:handle_request():139] handle_request: keepalive
2022-12-18 14:33:07,996 DEBUG   HandlerThread:17111 [handler.py:handle_request():139] handle_request: keepalive
2022-12-18 14:33:13,013 DEBUG   HandlerThread:17111 [handler.py:handle_request():139] handle_request: keepalive
2022-12-18 14:33:18,025 DEBUG   HandlerThread:17111 [handler.py:handle_request():139] handle_request: keepalive
2022-12-18 14:33:23,041 DEBUG   HandlerThread:17111 [handler.py:handle_request():139] handle_request: keepalive
2022-12-18 14:33:28,058 DEBUG   HandlerThread:17111 [handler.py:handle_request():139] handle_request: keepalive
2022-12-18 14:33:33,078 DEBUG   HandlerThread:17111 [handler.py:handle_request():139] handle_request: keepalive
2022-12-18 14:33:38,097 DEBUG   HandlerThread:17111 [handler.py:handle_request():139] handle_request: keepalive
2022-12-18 14:33:43,120 DEBUG   HandlerThread:17111 [handler.py:handle_request():139] handle_request: keepalive
2022-12-18 14:33:48,141 DEBUG   HandlerThread:17111 [handler.py:handle_request():139] handle_request: keepalive
2022-12-18 14:33:53,160 DEBUG   HandlerThread:17111 [handler.py:handle_request():139] handle_request: keepalive
2022-12-18 14:33:58,184 DEBUG   HandlerThread:17111 [handler.py:handle_request():139] handle_request: keepalive
2022-12-18 14:34:03,205 DEBUG   HandlerThread:17111 [handler.py:handle_request():139] handle_request: keepalive
2022-12-18 14:34:08,221 DEBUG   HandlerThread:17111 [handler.py:handle_request():139] handle_request: keepalive
2022-12-18 14:34:13,238 DEBUG   HandlerThread:17111 [handler.py:handle_request():139] handle_request: keepalive
2022-12-18 14:34:18,251 DEBUG   HandlerThread:17111 [handler.py:handle_request():139] handle_request: keepalive
2022-12-18 14:34:23,266 DEBUG   HandlerThread:17111 [handler.py:handle_request():139] handle_request: keepalive
2022-12-18 14:34:28,286 DEBUG   HandlerThread:17111 [handler.py:handle_request():139] handle_request: keepalive
2022-12-18 14:34:33,306 DEBUG   HandlerThread:17111 [handler.py:handle_request():139] handle_request: keepalive
2022-12-18 14:34:38,314 DEBUG   HandlerThread:17111 [handler.py:handle_request():139] handle_request: keepalive
2022-12-18 14:34:43,339 DEBUG   HandlerThread:17111 [handler.py:handle_request():139] handle_request: keepalive
2022-12-18 14:34:48,355 DEBUG   HandlerThread:17111 [handler.py:handle_request():139] handle_request: keepalive
2022-12-18 14:34:53,376 DEBUG   HandlerThread:17111 [handler.py:handle_request():139] handle_request: keepalive
2022-12-18 14:34:58,403 DEBUG   HandlerThread:17111 [handler.py:handle_request():139] handle_request: keepalive
2022-12-18 14:35:03,423 DEBUG   HandlerThread:17111 [handler.py:handle_request():139] handle_request: keepalive
2022-12-18 14:35:08,442 DEBUG   HandlerThread:17111 [handler.py:handle_request():139] handle_request: keepalive
2022-12-18 14:35:13,463 DEBUG   HandlerThread:17111 [handler.py:handle_request():139] handle_request: keepalive
2022-12-18 14:35:18,483 DEBUG   HandlerThread:17111 [handler.py:handle_request():139] handle_request: keepalive
2022-12-18 14:35:23,503 DEBUG   HandlerThread:17111 [handler.py:handle_request():139] handle_request: keepalive
2022-12-18 14:35:28,516 DEBUG   HandlerThread:17111 [handler.py:handle_request():139] handle_request: keepalive
2022-12-18 14:35:33,541 DEBUG   HandlerThread:17111 [handler.py:handle_request():139] handle_request: keepalive
2022-12-18 14:35:38,561 DEBUG   HandlerThread:17111 [handler.py:handle_request():139] handle_request: keepalive
2022-12-18 14:35:43,586 DEBUG   HandlerThread:17111 [handler.py:handle_request():139] handle_request: keepalive
2022-12-18 14:35:48,606 DEBUG   HandlerThread:17111 [handler.py:handle_request():139] handle_request: keepalive
2022-12-18 14:35:53,628 DEBUG   HandlerThread:17111 [handler.py:handle_request():139] handle_request: keepalive
2022-12-18 14:35:58,644 DEBUG   HandlerThread:17111 [handler.py:handle_request():139] handle_request: keepalive
2022-12-18 14:36:03,667 DEBUG   HandlerThread:17111 [handler.py:handle_request():139] handle_request: keepalive
2022-12-18 14:36:08,691 DEBUG   HandlerThread:17111 [handler.py:handle_request():139] handle_request: keepalive
2022-12-18 14:36:13,711 DEBUG   HandlerThread:17111 [handler.py:handle_request():139] handle_request: keepalive
2022-12-18 14:36:18,723 DEBUG   HandlerThread:17111 [handler.py:handle_request():139] handle_request: keepalive
2022-12-18 14:36:23,741 DEBUG   HandlerThread:17111 [handler.py:handle_request():139] handle_request: keepalive
2022-12-18 14:36:28,761 DEBUG   HandlerThread:17111 [handler.py:handle_request():139] handle_request: keepalive
2022-12-18 14:36:33,780 DEBUG   HandlerThread:17111 [handler.py:handle_request():139] handle_request: keepalive
2022-12-18 14:36:38,803 DEBUG   HandlerThread:17111 [handler.py:handle_request():139] handle_request: keepalive
2022-12-18 14:36:43,826 DEBUG   HandlerThread:17111 [handler.py:handle_request():139] handle_request: keepalive
2022-12-18 14:36:48,845 DEBUG   HandlerThread:17111 [handler.py:handle_request():139] handle_request: keepalive
2022-12-18 14:36:53,866 DEBUG   HandlerThread:17111 [handler.py:handle_request():139] handle_request: keepalive
2022-12-18 14:36:58,886 DEBUG   HandlerThread:17111 [handler.py:handle_request():139] handle_request: keepalive
2022-12-18 14:37:03,912 DEBUG   HandlerThread:17111 [handler.py:handle_request():139] handle_request: keepalive
2022-12-18 14:37:08,935 DEBUG   HandlerThread:17111 [handler.py:handle_request():139] handle_request: keepalive
2022-12-18 14:37:13,958 DEBUG   HandlerThread:17111 [handler.py:handle_request():139] handle_request: keepalive
2022-12-18 14:37:18,980 DEBUG   HandlerThread:17111 [handler.py:handle_request():139] handle_request: keepalive
2022-12-18 14:37:24,003 DEBUG   HandlerThread:17111 [handler.py:handle_request():139] handle_request: keepalive
2022-12-18 14:37:29,027 DEBUG   HandlerThread:17111 [handler.py:handle_request():139] handle_request: keepalive
2022-12-18 14:37:34,037 DEBUG   HandlerThread:17111 [handler.py:handle_request():139] handle_request: keepalive
2022-12-18 14:37:39,060 DEBUG   HandlerThread:17111 [handler.py:handle_request():139] handle_request: keepalive
2022-12-18 14:37:44,081 DEBUG   HandlerThread:17111 [handler.py:handle_request():139] handle_request: keepalive
2022-12-18 14:37:49,102 DEBUG   HandlerThread:17111 [handler.py:handle_request():139] handle_request: keepalive
2022-12-18 14:37:54,122 DEBUG   HandlerThread:17111 [handler.py:handle_request():139] handle_request: keepalive
2022-12-18 14:37:59,140 DEBUG   HandlerThread:17111 [handler.py:handle_request():139] handle_request: keepalive
2022-12-18 14:38:04,161 DEBUG   HandlerThread:17111 [handler.py:handle_request():139] handle_request: keepalive
2022-12-18 14:38:09,184 DEBUG   HandlerThread:17111 [handler.py:handle_request():139] handle_request: keepalive
2022-12-18 14:38:14,205 DEBUG   HandlerThread:17111 [handler.py:handle_request():139] handle_request: keepalive
2022-12-18 14:38:19,227 DEBUG   HandlerThread:17111 [handler.py:handle_request():139] handle_request: keepalive
2022-12-18 14:38:24,245 DEBUG   HandlerThread:17111 [handler.py:handle_request():139] handle_request: keepalive
2022-12-18 14:38:29,264 DEBUG   HandlerThread:17111 [handler.py:handle_request():139] handle_request: keepalive
2022-12-18 14:38:34,285 DEBUG   HandlerThread:17111 [handler.py:handle_request():139] handle_request: keepalive
2022-12-18 14:38:39,305 DEBUG   HandlerThread:17111 [handler.py:handle_request():139] handle_request: keepalive
2022-12-18 14:38:44,324 DEBUG   HandlerThread:17111 [handler.py:handle_request():139] handle_request: keepalive
2022-12-18 14:38:49,342 DEBUG   HandlerThread:17111 [handler.py:handle_request():139] handle_request: keepalive
2022-12-18 14:38:54,361 DEBUG   HandlerThread:17111 [handler.py:handle_request():139] handle_request: keepalive
2022-12-18 14:38:59,381 DEBUG   HandlerThread:17111 [handler.py:handle_request():139] handle_request: keepalive
2022-12-18 14:39:04,397 DEBUG   HandlerThread:17111 [handler.py:handle_request():139] handle_request: keepalive
2022-12-18 14:39:09,411 DEBUG   HandlerThread:17111 [handler.py:handle_request():139] handle_request: keepalive
2022-12-18 14:39:14,436 DEBUG   HandlerThread:17111 [handler.py:handle_request():139] handle_request: keepalive
2022-12-18 14:39:19,459 DEBUG   HandlerThread:17111 [handler.py:handle_request():139] handle_request: keepalive
2022-12-18 14:39:24,473 DEBUG   HandlerThread:17111 [handler.py:handle_request():139] handle_request: keepalive
2022-12-18 14:39:29,495 DEBUG   HandlerThread:17111 [handler.py:handle_request():139] handle_request: keepalive
2022-12-18 14:39:34,511 DEBUG   HandlerThread:17111 [handler.py:handle_request():139] handle_request: keepalive
2022-12-18 14:39:39,531 DEBUG   HandlerThread:17111 [handler.py:handle_request():139] handle_request: keepalive
2022-12-18 14:39:44,544 DEBUG   HandlerThread:17111 [handler.py:handle_request():139] handle_request: keepalive
2022-12-18 14:39:49,564 DEBUG   HandlerThread:17111 [handler.py:handle_request():139] handle_request: keepalive
2022-12-18 14:39:54,582 DEBUG   HandlerThread:17111 [handler.py:handle_request():139] handle_request: keepalive
2022-12-18 14:39:59,601 DEBUG   HandlerThread:17111 [handler.py:handle_request():139] handle_request: keepalive
2022-12-18 14:40:04,615 DEBUG   HandlerThread:17111 [handler.py:handle_request():139] handle_request: keepalive
2022-12-18 14:40:09,630 DEBUG   HandlerThread:17111 [handler.py:handle_request():139] handle_request: keepalive
2022-12-18 14:40:14,649 DEBUG   HandlerThread:17111 [handler.py:handle_request():139] handle_request: keepalive
2022-12-18 14:40:19,665 DEBUG   HandlerThread:17111 [handler.py:handle_request():139] handle_request: keepalive
2022-12-18 14:40:24,680 DEBUG   HandlerThread:17111 [handler.py:handle_request():139] handle_request: keepalive
2022-12-18 14:40:29,695 DEBUG   HandlerThread:17111 [handler.py:handle_request():139] handle_request: keepalive
2022-12-18 14:40:34,711 DEBUG   HandlerThread:17111 [handler.py:handle_request():139] handle_request: keepalive
2022-12-18 14:40:39,728 DEBUG   HandlerThread:17111 [handler.py:handle_request():139] handle_request: keepalive
2022-12-18 14:40:44,750 DEBUG   HandlerThread:17111 [handler.py:handle_request():139] handle_request: keepalive
2022-12-18 14:40:49,763 DEBUG   HandlerThread:17111 [handler.py:handle_request():139] handle_request: keepalive
2022-12-18 14:40:54,783 DEBUG   HandlerThread:17111 [handler.py:handle_request():139] handle_request: keepalive
2022-12-18 14:40:59,802 DEBUG   HandlerThread:17111 [handler.py:handle_request():139] handle_request: keepalive
2022-12-18 14:41:04,823 DEBUG   HandlerThread:17111 [handler.py:handle_request():139] handle_request: keepalive
2022-12-18 14:41:09,841 DEBUG   HandlerThread:17111 [handler.py:handle_request():139] handle_request: keepalive
2022-12-18 14:41:14,864 DEBUG   HandlerThread:17111 [handler.py:handle_request():139] handle_request: keepalive
2022-12-18 14:41:19,887 DEBUG   HandlerThread:17111 [handler.py:handle_request():139] handle_request: keepalive
2022-12-18 14:41:24,907 DEBUG   HandlerThread:17111 [handler.py:handle_request():139] handle_request: keepalive
2022-12-18 14:41:29,929 DEBUG   HandlerThread:17111 [handler.py:handle_request():139] handle_request: keepalive
2022-12-18 14:41:34,950 DEBUG   HandlerThread:17111 [handler.py:handle_request():139] handle_request: keepalive
2022-12-18 14:41:39,971 DEBUG   HandlerThread:17111 [handler.py:handle_request():139] handle_request: keepalive
2022-12-18 14:41:44,988 DEBUG   HandlerThread:17111 [handler.py:handle_request():139] handle_request: keepalive
2022-12-18 14:41:50,005 DEBUG   HandlerThread:17111 [handler.py:handle_request():139] handle_request: keepalive
2022-12-18 14:41:55,025 DEBUG   HandlerThread:17111 [handler.py:handle_request():139] handle_request: keepalive
2022-12-18 14:42:00,040 DEBUG   HandlerThread:17111 [handler.py:handle_request():139] handle_request: keepalive
2022-12-18 14:42:05,053 DEBUG   HandlerThread:17111 [handler.py:handle_request():139] handle_request: keepalive
2022-12-18 14:42:10,071 DEBUG   HandlerThread:17111 [handler.py:handle_request():139] handle_request: keepalive
2022-12-18 14:42:15,088 DEBUG   HandlerThread:17111 [handler.py:handle_request():139] handle_request: keepalive
2022-12-18 14:42:20,101 DEBUG   HandlerThread:17111 [handler.py:handle_request():139] handle_request: keepalive
2022-12-18 14:42:25,113 DEBUG   HandlerThread:17111 [handler.py:handle_request():139] handle_request: keepalive
2022-12-18 14:42:30,133 DEBUG   HandlerThread:17111 [handler.py:handle_request():139] handle_request: keepalive
2022-12-18 14:42:35,147 DEBUG   HandlerThread:17111 [handler.py:handle_request():139] handle_request: keepalive
2022-12-18 14:42:40,170 DEBUG   HandlerThread:17111 [handler.py:handle_request():139] handle_request: keepalive
2022-12-18 14:42:45,188 DEBUG   HandlerThread:17111 [handler.py:handle_request():139] handle_request: keepalive
2022-12-18 14:42:50,200 DEBUG   HandlerThread:17111 [handler.py:handle_request():139] handle_request: keepalive
2022-12-18 14:42:55,225 DEBUG   HandlerThread:17111 [handler.py:handle_request():139] handle_request: keepalive
2022-12-18 14:43:00,246 DEBUG   HandlerThread:17111 [handler.py:handle_request():139] handle_request: keepalive
2022-12-18 14:43:05,260 DEBUG   HandlerThread:17111 [handler.py:handle_request():139] handle_request: keepalive
2022-12-18 14:43:10,276 DEBUG   HandlerThread:17111 [handler.py:handle_request():139] handle_request: keepalive
2022-12-18 14:43:15,287 DEBUG   HandlerThread:17111 [handler.py:handle_request():139] handle_request: keepalive
2022-12-18 14:43:20,307 DEBUG   HandlerThread:17111 [handler.py:handle_request():139] handle_request: keepalive
2022-12-18 14:43:23,203 WARNING StreamThr :17111 [internal.py:is_dead():386] Internal process exiting, parent pid 17104 disappeared
2022-12-18 14:43:23,204 ERROR   StreamThr :17111 [internal.py:wandb_internal():146] Internal process shutdown.
2022-12-18 14:43:23,302 INFO    WriterThread:17111 [datastore.py:close():279] close: /Volumes/Work Disk Janina Mattes/DEV/University/ASP/ml-explorer-drone/PPO/ppo_torch/wandb/run-20221218_142911-31cw4oo1/run-31cw4oo1.wandb
2022-12-18 14:43:23,310 INFO    HandlerThread:17111 [handler.py:finish():814] shutting down handler
2022-12-18 14:49:25,252 INFO    SenderThread:17111 [dir_watcher.py:__init__():216] watching files in: /Volumes/Work Disk Janina Mattes/DEV/University/ASP/ml-explorer-drone/PPO/ppo_torch/wandb/run-20221218_142911-31cw4oo1/files
2022-12-18 14:49:25,253 INFO    SenderThread:17111 [sender.py:_start_run_threads():928] run started: 31cw4oo1 with start time 1671370151.049656
2022-12-18 14:49:25,253 INFO    SenderThread:17111 [sender.py:finish():1331] shutting down sender
2022-12-18 14:49:25,253 INFO    SenderThread:17111 [dir_watcher.py:finish():362] shutting down directory watcher
2022-12-18 14:49:26,253 INFO    SenderThread:17111 [dir_watcher.py:finish():392] scan: /Volumes/Work Disk Janina Mattes/DEV/University/ASP/ml-explorer-drone/PPO/ppo_torch/wandb/run-20221218_142911-31cw4oo1/files
2022-12-18 14:49:26,253 INFO    SenderThread:17111 [dir_watcher.py:finish():406] scan save: /Volumes/Work Disk Janina Mattes/DEV/University/ASP/ml-explorer-drone/PPO/ppo_torch/wandb/run-20221218_142911-31cw4oo1/files/config.yaml config.yaml
2022-12-18 14:49:26,253 INFO    SenderThread:17111 [file_pusher.py:finish():168] shutting down file pusher
2022-12-18 14:49:26,254 INFO    SenderThread:17111 [file_pusher.py:join():173] waiting for file pusher
2022-12-18 14:49:26,936 INFO    Thread-15 :17111 [upload_job.py:push():143] Uploaded file /Volumes/Work Disk Janina Mattes/DEV/University/ASP/ml-explorer-drone/PPO/ppo_torch/wandb/run-20221218_142911-31cw4oo1/files/config.yaml
